Compilación iniciada a las 05/04/2017 13:00:34.
     1>Proyecto "C:\Users\eric\Desktop\VJ\PrinceOfPersia\2DGame\02-Bubble\02-Bubble\02-Bubble.vcxproj" en el nodo 2 (Build destinos).
     1>ClCompile:
         C:\Program Files (x86)\Microsoft Visual Studio 12.0\VC\bin\CL.exe /c /I"..\..\..\libs\Simple OpenGL Image Library\src" /I..\..\..\libs\freeglut\include /I"..\..\..\libs\glew-1.13.0\include" /I..\..\..\libs\glm /ZI /nologo /W3 /WX- /Od /Oy- /D WIN32 /D _DEBUG /D _CONSOLE /D _LIB /D _UNICODE /D UNICODE /Gm /EHsc /RTC1 /MDd /GS /fp:precise /Zc:wchar_t /Zc:forScope /Fo"Debug\\" /Fd"Debug\vc120.pdb" /Gd /TP /analyze- /errorReport:prompt Player.cpp
         Player.cpp
     1>c:\users\eric\desktop\vj\princeofpersia\2dgame\02-bubble\02-bubble\scene.h(10): warning C4067: símbolos (token) inesperados después de la directiva del preprocesador; se esperaba una nueva línea
     1>c:\users\eric\desktop\vj\princeofpersia\2dgame\02-bubble\02-bubble\player.cpp(713): warning C4018: '<' : no coinciden signed/unsigned
     1>c:\users\eric\desktop\vj\princeofpersia\2dgame\02-bubble\02-bubble\player.cpp(791): warning C4244: '+=' : conversión de 'float' a 'int'; posible pérdida de datos
     1>c:\users\eric\desktop\vj\princeofpersia\2dgame\02-bubble\02-bubble\player.cpp(792): warning C4244: '+=' : conversión de 'float' a 'int'; posible pérdida de datos
     1>c:\users\eric\desktop\vj\princeofpersia\2dgame\02-bubble\02-bubble\player.cpp(881): error C2059: error de sintaxis : '}'
     1>c:\users\eric\desktop\vj\princeofpersia\2dgame\02-bubble\02-bubble\player.cpp(881): error C2143: error de sintaxis : falta ';' delante de '}'
     1>c:\users\eric\desktop\vj\princeofpersia\2dgame\02-bubble\02-bubble\player.cpp(883): error C2143: error de sintaxis : falta ';' delante de '{'
     1>c:\users\eric\desktop\vj\princeofpersia\2dgame\02-bubble\02-bubble\player.cpp(883): error C2447: '{' : falta el encabezado de función (¿lista formal de estilo anterior?)
     1>c:\users\eric\desktop\vj\princeofpersia\2dgame\02-bubble\02-bubble\player.cpp(933): warning C4018: '<' : no coinciden signed/unsigned
     1>Compilación del proyecto terminada "C:\Users\eric\Desktop\VJ\PrinceOfPersia\2DGame\02-Bubble\02-Bubble\02-Bubble.vcxproj" (Build destinos) -- ERROR.

ERROR al compilar.

Tiempo transcurrido 00:00:00.56
